[2020-04-11 21:49:31][10] Processing: App\Jobs\ExpireStory
[2020-04-11 21:49:31][10] Processed:  App\Jobs\ExpireStory
[2020-04-11 21:49:31][11] Processing: App\Jobs\ExpireStory
[2020-04-11 21:49:31][11] Processed:  App\Jobs\ExpireStory
[2020-04-11 21:49:31][12] Processing: App\Jobs\ExpireStory
[2020-04-11 21:49:31][12] Processed:  App\Jobs\ExpireStory
[2020-04-11 21:49:31][13] Processing: App\Jobs\ExpireStory
[2020-04-11 21:49:31][13] Processed:  App\Jobs\ExpireStory
[2020-04-11 21:49:31][14] Processing: App\Jobs\ExpireStory
[2020-04-11 21:49:31][14] Processed:  App\Jobs\ExpireStory
[2020-04-11 21:49:31][15] Processing: App\Jobs\ExpireStory
[2020-04-11 21:49:31][15] Processed:  App\Jobs\ExpireStory
[2020-04-11 21:49:31][16] Processing: App\Jobs\ExpireStory
[2020-04-11 21:49:31][16] Processed:  App\Jobs\ExpireStory
[2020-04-11 21:49:31][17] Processing: App\Jobs\ExpireStory
[2020-04-11 21:49:31][17] Processed:  App\Jobs\ExpireStory
[2020-04-11 21:49:31][18] Processing: App\Jobs\ExpireStory
[2020-04-11 21:49:31][18] Processed:  App\Jobs\ExpireStory
[2020-04-11 21:49:31][19] Processing: App\Jobs\ExpireStory
[2020-04-11 21:49:31][19] Processed:  App\Jobs\ExpireStory
[2020-04-11 21:49:31][20] Processing: App\Jobs\ExpireStory
[2020-04-11 21:49:31][20] Processed:  App\Jobs\ExpireStory
[2020-04-11 21:49:31][21] Processing: App\Jobs\ExpireStory
[2020-04-11 21:49:31][21] Processed:  App\Jobs\ExpireStory
[2020-04-11 21:52:37][22] Processing: App\Jobs\ExpireStory
[2020-04-11 21:52:37][22] Processed:  App\Jobs\ExpireStory
[2020-04-11 21:54:56][23] Processing: App\Jobs\ExpireStory
[2020-04-11 21:54:56][23] Processed:  App\Jobs\ExpireStory
[2020-04-11 23:23:20][24] Processing: App\Jobs\ExpireStory
[2020-04-11 23:23:20][24] Processed:  App\Jobs\ExpireStory
[2020-04-12 11:26:35][25] Processing: App\Jobs\ExpireStory
[2020-04-12 11:26:35][25] Processed:  App\Jobs\ExpireStory
[2020-04-12 11:26:41][26] Processing: App\Jobs\ExpireStory
[2020-04-12 11:26:41][26] Processed:  App\Jobs\ExpireStory
[2020-04-12 12:19:46][27] Processing: App\Jobs\ExpireStory
[2020-04-12 12:19:46][27] Processed:  App\Jobs\ExpireStory
[2020-04-12 16:49:51][28] Processing: App\Jobs\ExpireStory
[2020-04-12 16:49:51][28] Processed:  App\Jobs\ExpireStory
[2020-04-12 16:50:00][29] Processing: App\Jobs\ExpireStory
[2020-04-12 16:50:00][29] Processed:  App\Jobs\ExpireStory
[2020-04-12 16:50:03][30] Processing: App\Jobs\ExpireStory
[2020-04-12 16:50:03][30] Processed:  App\Jobs\ExpireStory
[2020-04-12 16:50:03][31] Processing: App\Jobs\ExpireStory
[2020-04-12 16:50:03][31] Processed:  App\Jobs\ExpireStory
[2020-04-12 16:50:03][32] Processing: App\Jobs\ExpireStory
[2020-04-12 16:50:03][32] Processed:  App\Jobs\ExpireStory
[2020-04-12 16:51:09][33] Processing: App\Jobs\ExpireStory
[2020-04-12 16:51:09][33] Processed:  App\Jobs\ExpireStory
[2020-04-12 16:57:24][34] Processing: App\Jobs\ExpireStory
[2020-04-12 16:57:24][34] Processed:  App\Jobs\ExpireStory
[2020-04-12 19:02:24][35] Processing: App\Jobs\ExpireStory
[2020-04-12 19:02:24][35] Processed:  App\Jobs\ExpireStory
[2020-04-12 19:03:00][36] Processing: App\Jobs\ExpireStory
[2020-04-12 19:03:01][36] Processed:  App\Jobs\ExpireStory
[2020-04-12 19:04:58][37] Processing: App\Jobs\ExpireStory
[2020-04-12 19:04:58][37] Processed:  App\Jobs\ExpireStory
[2020-04-12 19:09:49][38] Processing: App\Jobs\ExpireStory
[2020-04-12 19:09:49][38] Processed:  App\Jobs\ExpireStory
[2020-04-12 19:29:40][39] Processing: App\Jobs\ExpireStory
[2020-04-12 19:29:40][39] Processed:  App\Jobs\ExpireStory
[2020-04-13 14:10:14][40] Processing: App\Jobs\ExpireStory
[2020-04-13 14:10:14][40] Processed:  App\Jobs\ExpireStory
[2020-04-13 14:58:55][41] Processing: App\Jobs\ExpireStory
[2020-04-13 14:58:55][41] Processed:  App\Jobs\ExpireStory
[2020-04-13 15:01:46][42] Processing: App\Jobs\ExpireStory
[2020-04-13 15:01:46][42] Processed:  App\Jobs\ExpireStory
[2020-04-13 17:13:25][44] Processing: App\Events\MessageSent
[2020-04-13 17:13:25][44] Processed:  App\Events\MessageSent
[2020-04-13 17:15:19][45] Processing: App\Events\MessageSent
[2020-04-13 17:15:19][45] Processed:  App\Events\MessageSent
[2020-04-13 17:17:01][46] Processing: App\Events\MessageSent
[2020-04-13 17:17:01][46] Processed:  App\Events\MessageSent
[2020-04-13 17:18:34][47] Processing: App\Events\MessageSent
[2020-04-13 17:18:34][47] Processed:  App\Events\MessageSent
[2020-04-13 17:18:38][48] Processing: App\Events\MessageSent
[2020-04-13 17:18:38][48] Processed:  App\Events\MessageSent
[2020-04-13 17:18:44][49] Processing: App\Events\MessageSent
[2020-04-13 17:18:44][49] Processed:  App\Events\MessageSent
[2020-04-13 17:18:56][50] Processing: App\Events\MessageSent
[2020-04-13 17:18:56][50] Processed:  App\Events\MessageSent
[2020-04-13 17:19:02][51] Processing: App\Events\MessageSent
[2020-04-13 17:19:02][51] Processed:  App\Events\MessageSent
[2020-04-13 17:19:02][52] Processing: App\Events\MessageSent
[2020-04-13 17:19:02][52] Processed:  App\Events\MessageSent
[2020-04-13 17:21:14][53] Processing: App\Events\MessageSent
[2020-04-13 17:21:14][53] Processed:  App\Events\MessageSent
[2020-04-13 17:21:29][54] Processing: App\Events\MessageSent
[2020-04-13 17:21:29][54] Processed:  App\Events\MessageSent
[2020-04-13 18:31:55][55] Processing: App\Events\MessageSent
[2020-04-13 18:31:55][55] Processed:  App\Events\MessageSent
[2020-04-13 18:58:31][56] Processing: App\Events\MessageSent
[2020-04-13 18:58:31][56] Processed:  App\Events\MessageSent
[2020-04-13 19:17:53][57] Processing: App\Events\MessageSent
[2020-04-13 19:17:53][57] Processed:  App\Events\MessageSent
[2020-04-13 19:18:11][58] Processing: App\Events\MessageSent
[2020-04-13 19:18:11][58] Processed:  App\Events\MessageSent
[2020-04-13 19:19:08][59] Processing: App\Events\MessageSent
[2020-04-13 19:19:08][59] Processed:  App\Events\MessageSent
[2020-04-13 19:20:47][60] Processing: App\Events\MessageSent
[2020-04-13 19:20:47][60] Processed:  App\Events\MessageSent
[2020-04-13 19:21:44][61] Processing: App\Events\MessageSent
[2020-04-13 19:21:44][61] Processed:  App\Events\MessageSent
[2020-04-13 19:22:14][62] Processing: App\Events\MessageSent
[2020-04-13 19:22:14][62] Processed:  App\Events\MessageSent
[2020-04-13 19:22:29][63] Processing: App\Events\MessageSent
[2020-04-13 19:22:29][63] Processed:  App\Events\MessageSent
[2020-04-13 19:22:44][64] Processing: App\Events\MessageSent
[2020-04-13 19:22:44][64] Processed:  App\Events\MessageSent
[2020-04-13 19:24:26][65] Processing: App\Events\MessageSent
[2020-04-13 19:24:26][65] Processed:  App\Events\MessageSent
[2020-04-13 19:26:05][66] Processing: App\Events\MessageSent
[2020-04-13 19:26:05][66] Processed:  App\Events\MessageSent
[2020-04-13 19:30:44][67] Processing: App\Events\MessageSent
[2020-04-13 19:30:44][67] Processed:  App\Events\MessageSent
[2020-04-13 19:32:27][68] Processing: App\Events\MessageSent
[2020-04-13 19:32:27][68] Processed:  App\Events\MessageSent
[2020-04-13 19:32:51][69] Processing: App\Events\MessageSent
[2020-04-13 19:32:51][69] Processed:  App\Events\MessageSent
[2020-04-13 19:34:39][70] Processing: App\Events\MessageSent
[2020-04-13 19:34:39][70] Processed:  App\Events\MessageSent
[2020-04-13 19:35:54][71] Processing: App\Events\MessageSent
[2020-04-13 19:35:54][71] Processed:  App\Events\MessageSent
[2020-04-13 19:36:24][72] Processing: App\Events\MessageSent
[2020-04-13 19:36:24][72] Processed:  App\Events\MessageSent
[2020-04-13 19:36:39][73] Processing: App\Events\MessageSent
[2020-04-13 19:36:39][73] Processed:  App\Events\MessageSent
[2020-04-13 19:37:00][74] Processing: App\Events\MessageSent
[2020-04-13 19:37:00][74] Processed:  App\Events\MessageSent
[2020-04-13 19:37:06][75] Processing: App\Events\MessageSent
[2020-04-13 19:37:06][75] Processed:  App\Events\MessageSent
[2020-04-13 19:37:18][76] Processing: App\Events\MessageSent
[2020-04-13 19:37:18][76] Processed:  App\Events\MessageSent
[2020-04-13 19:37:21][77] Processing: App\Events\MessageSent
[2020-04-13 19:37:21][77] Processed:  App\Events\MessageSent
[2020-04-13 19:37:21][78] Processing: App\Events\MessageSent
[2020-04-13 19:37:21][78] Processed:  App\Events\MessageSent
[2020-04-13 19:39:39][79] Processing: App\Events\MessageSent
[2020-04-13 19:39:39][79] Processed:  App\Events\MessageSent
[2020-04-13 19:42:36][80] Processing: App\Events\MessageSent
[2020-04-13 19:42:36][80] Processed:  App\Events\MessageSent
[2020-04-13 19:43:18][81] Processing: App\Events\MessageSent
[2020-04-13 19:43:18][81] Processed:  App\Events\MessageSent
[2020-04-13 19:43:42][82] Processing: App\Events\MessageSent
[2020-04-13 19:43:42][82] Processed:  App\Events\MessageSent
[2020-04-13 19:46:57][83] Processing: App\Events\MessageSent
[2020-04-13 19:46:57][83] Processed:  App\Events\MessageSent
[2020-04-13 19:47:18][85] Processing: App\Events\MessageSent
[2020-04-13 19:47:18][85] Processed:  App\Events\MessageSent
[2020-04-13 19:47:24][86] Processing: App\Events\MessageSent
[2020-04-13 19:47:24][86] Processed:  App\Events\MessageSent
[2020-04-13 19:47:27][87] Processing: App\Events\MessageSent
[2020-04-13 19:47:27][87] Processed:  App\Events\MessageSent
[2020-04-13 19:47:57][89] Processing: App\Events\MessageSent
[2020-04-13 19:47:57][89] Processed:  App\Events\MessageSent
[2020-04-13 20:27:13][95] Processing: App\Events\MessageSent
[2020-04-13 20:27:13][95] Processed:  App\Events\MessageSent
[2020-04-13 20:28:52][98] Processing: App\Events\MessageSent
[2020-04-13 20:28:52][98] Processed:  App\Events\MessageSent
[2020-04-13 20:29:13][99] Processing: App\Events\MessageSent
[2020-04-13 20:29:13][99] Processed:  App\Events\MessageSent
[2020-04-13 20:45:59][115] Processing: App\Events\MessageSent
[2020-04-13 20:45:59][115] Processed:  App\Events\MessageSent
[2020-04-13 20:46:59][147] Processing: App\Events\MessageSent
[2020-04-13 20:46:59][147] Processed:  App\Events\MessageSent
[2020-04-13 20:47:05][155] Processing: App\Events\MessageSent
[2020-04-13 20:47:05][155] Processed:  App\Events\MessageSent
[2020-04-13 20:50:33][43] Processing: App\Jobs\ExpireStory
[2020-04-13 20:50:33][43] Processed:  App\Jobs\ExpireStory
[2020-04-13 20:53:51][159] Processing: App\Events\MessageSent
[2020-04-13 20:53:51][159] Processed:  App\Events\MessageSent
[2020-04-13 20:58:00][162] Processing: App\Events\MessageSent
[2020-04-13 20:58:00][162] Processed:  App\Events\MessageSent
[2020-04-13 21:05:42][166] Processing: App\Events\MessageSent
[2020-04-13 21:05:42][166] Processed:  App\Events\MessageSent
[2020-04-13 21:12:16][168] Processing: App\Events\MessageSent
[2020-04-13 21:12:16][168] Processed:  App\Events\MessageSent
[2020-04-13 21:12:37][169] Processing: App\Events\MessageSent
[2020-04-13 21:12:37][169] Processed:  App\Events\MessageSent
[2020-04-13 21:14:55][171] Processing: App\Events\MessageSent
[2020-04-13 21:14:55][171] Processed:  App\Events\MessageSent
[2020-04-13 21:15:10][172] Processing: App\Events\MessageSent
[2020-04-13 21:15:10][172] Processed:  App\Events\MessageSent
[2020-04-13 21:22:25][176] Processing: App\Events\MessageSent
[2020-04-13 21:22:25][176] Processed:  App\Events\MessageSent
[2020-04-13 21:22:58][177] Processing: App\Events\MessageSent
[2020-04-13 21:22:58][177] Processed:  App\Events\MessageSent
[2020-04-13 21:24:16][178] Processing: App\Events\MessageSent
[2020-04-13 21:24:16][178] Processed:  App\Events\MessageSent
[2020-04-13 21:33:38][182] Processing: App\Events\MessageSent
[2020-04-13 21:33:38][182] Processed:  App\Events\MessageSent
[2020-04-13 21:34:44][184] Processing: App\Events\MessageSent
[2020-04-13 21:34:44][184] Processed:  App\Events\MessageSent
[2020-04-13 22:11:40][186] Processing: App\Events\MessageSent
[2020-04-13 22:11:40][186] Processed:  App\Events\MessageSent
[2020-04-13 22:13:31][189] Processing: App\Events\MessageSent
[2020-04-13 22:13:31][189] Processed:  App\Events\MessageSent
[2020-04-13 22:14:07][192] Processing: App\Events\MessageSent
[2020-04-13 22:14:07][192] Processed:  App\Events\MessageSent
[2020-04-13 22:14:34][194] Processing: App\Events\MessageSent
[2020-04-13 22:14:34][194] Processed:  App\Events\MessageSent
[2020-04-13 22:15:01][196] Processing: App\Events\MessageSent
[2020-04-13 22:15:01][196] Processed:  App\Events\MessageSent
[2020-04-13 22:15:13][197] Processing: App\Events\MessageSent
[2020-04-13 22:15:13][197] Processed:  App\Events\MessageSent
[2020-04-13 22:15:25][199] Processing: App\Events\MessageSent
[2020-04-13 22:15:25][199] Processed:  App\Events\MessageSent
[2020-04-13 22:17:55][200] Processing: App\Events\MessageSent
[2020-04-13 22:17:55][200] Processed:  App\Events\MessageSent
[2020-04-13 22:20:34][202] Processing: App\Events\MessageSent
[2020-04-13 22:20:34][202] Processed:  App\Events\MessageSent
[2020-04-13 22:20:40][203] Processing: App\Events\MessageSent
[2020-04-13 22:20:40][203] Processed:  App\Events\MessageSent
[2020-04-13 22:22:07][204] Processing: App\Events\MessageSent
[2020-04-13 22:22:07][204] Processed:  App\Events\MessageSent
[2020-04-13 22:22:58][205] Processing: App\Events\MessageSent
[2020-04-13 22:22:59][205] Processed:  App\Events\MessageSent
[2020-04-13 22:25:08][207] Processing: App\Events\MessageSent
[2020-04-13 22:25:08][207] Processed:  App\Events\MessageSent
[2020-04-13 22:28:17][211] Processing: App\Events\MessageSent
[2020-04-13 22:28:17][211] Processed:  App\Events\MessageSent
[2020-04-13 22:28:38][212] Processing: App\Events\MessageSent
[2020-04-13 22:28:38][212] Processed:  App\Events\MessageSent
[2020-04-13 22:29:32][214] Processing: App\Events\MessageSent
[2020-04-13 22:29:32][214] Processed:  App\Events\MessageSent
[2020-04-13 22:32:20][216] Processing: App\Events\MessageSent
[2020-04-13 22:32:20][216] Processed:  App\Events\MessageSent
[2020-04-13 22:32:44][217] Processing: App\Events\MessageSent
[2020-04-13 22:32:44][217] Processed:  App\Events\MessageSent
[2020-04-13 23:26:26][219] Processing: App\Events\MessageSent
[2020-04-13 23:26:26][219] Processed:  App\Events\MessageSent
[2020-04-13 23:34:44][221] Processing: App\Events\MessageSent
[2020-04-13 23:34:44][221] Processed:  App\Events\MessageSent
[2020-04-13 23:34:56][222] Processing: App\Events\MessageSent
[2020-04-13 23:34:56][222] Processed:  App\Events\MessageSent
[2020-04-13 23:35:17][223] Processing: App\Events\MessageSent
[2020-04-13 23:35:17][223] Processed:  App\Events\MessageSent
[2020-04-13 23:42:09][224] Processing: App\Events\MessageSent
[2020-04-13 23:42:09][224] Processed:  App\Events\MessageSent
[2020-04-14 00:49:47][226] Processing: App\Events\MessageSent
[2020-04-14 00:49:47][226] Processed:  App\Events\MessageSent
[2020-04-14 01:04:44][227] Processing: App\Events\MessageSent
[2020-04-14 01:04:44][227] Processed:  App\Events\MessageSent
[2020-04-14 01:05:02][228] Processing: App\Events\MessageSent
[2020-04-14 01:05:02][228] Processed:  App\Events\MessageSent
[2020-04-14 01:07:05][229] Processing: App\Events\MessageSent
[2020-04-14 01:07:05][229] Processed:  App\Events\MessageSent
[2020-04-14 01:26:03][230] Processing: App\Events\MessageSent
[2020-04-14 01:26:03][230] Processed:  App\Events\MessageSent
[2020-04-14 01:27:57][231] Processing: App\Events\MessageSent
[2020-04-14 01:27:57][231] Processed:  App\Events\MessageSent
[2020-04-14 01:28:06][232] Processing: App\Events\MessageSent
[2020-04-14 01:28:06][232] Processed:  App\Events\MessageSent
[2020-04-14 01:28:21][233] Processing: App\Events\MessageSent
[2020-04-14 01:28:21][233] Processed:  App\Events\MessageSent
[2020-04-14 01:28:30][234] Processing: App\Events\MessageSent
[2020-04-14 01:28:30][234] Processed:  App\Events\MessageSent
[2020-04-14 01:28:51][235] Processing: App\Events\MessageSent
[2020-04-14 01:28:51][235] Processed:  App\Events\MessageSent
[2020-04-14 01:29:09][236] Processing: App\Events\MessageSent
[2020-04-14 01:29:09][236] Processed:  App\Events\MessageSent
[2020-04-14 01:36:48][237] Processing: App\Events\MessageSent
[2020-04-14 01:36:48][237] Processed:  App\Events\MessageSent
[2020-04-14 01:37:09][238] Processing: App\Events\MessageSent
[2020-04-14 01:37:09][238] Processed:  App\Events\MessageSent
[2020-04-14 01:37:09][239] Processing: App\Events\MessageSent
[2020-04-14 01:37:09][239] Processed:  App\Events\MessageSent
[2020-04-14 01:37:09][240] Processing: App\Events\MessageSent
[2020-04-14 01:37:09][240] Processed:  App\Events\MessageSent
[2020-04-14 01:37:15][241] Processing: App\Events\MessageSent
[2020-04-14 01:37:15][241] Processed:  App\Events\MessageSent
[2020-04-14 01:37:15][242] Processing: App\Events\MessageSent
[2020-04-14 01:37:15][242] Processed:  App\Events\MessageSent
[2020-04-14 01:37:18][243] Processing: App\Events\MessageSent
[2020-04-14 01:37:18][243] Processed:  App\Events\MessageSent
[2020-04-14 01:37:18][244] Processing: App\Events\MessageSent
[2020-04-14 01:37:18][244] Processed:  App\Events\MessageSent
[2020-04-14 01:37:21][245] Processing: App\Events\MessageSent
[2020-04-14 01:37:21][245] Processed:  App\Events\MessageSent
[2020-04-14 01:37:24][246] Processing: App\Events\MessageSent
[2020-04-14 01:37:24][246] Processed:  App\Events\MessageSent
[2020-04-14 01:37:27][247] Processing: App\Events\MessageSent
[2020-04-14 01:37:27][247] Processed:  App\Events\MessageSent
[2020-04-14 01:37:30][248] Processing: App\Events\MessageSent
[2020-04-14 01:37:30][248] Processed:  App\Events\MessageSent
[2020-04-14 01:37:45][249] Processing: App\Events\MessageSent
[2020-04-14 01:37:45][249] Processed:  App\Events\MessageSent
[2020-04-14 01:38:03][250] Processing: App\Events\MessageSent
[2020-04-14 01:38:03][250] Processed:  App\Events\MessageSent
[2020-04-14 01:38:12][251] Processing: App\Events\MessageSent
[2020-04-14 01:38:12][251] Processed:  App\Events\MessageSent
[2020-04-14 01:38:51][252] Processing: App\Events\MessageSent
[2020-04-14 01:38:51][252] Processed:  App\Events\MessageSent
[2020-04-14 01:38:57][253] Processing: App\Events\MessageSent
[2020-04-14 01:38:57][253] Processed:  App\Events\MessageSent
[2020-04-14 01:39:03][254] Processing: App\Events\MessageSent
[2020-04-14 01:39:03][254] Processed:  App\Events\MessageSent
[2020-04-14 01:39:06][255] Processing: App\Events\MessageSent
[2020-04-14 01:39:06][255] Processed:  App\Events\MessageSent
[2020-04-14 01:39:12][256] Processing: App\Events\MessageSent
[2020-04-14 01:39:12][256] Processed:  App\Events\MessageSent
[2020-04-14 01:39:18][257] Processing: App\Events\MessageSent
[2020-04-14 01:39:18][257] Processed:  App\Events\MessageSent
[2020-04-14 01:39:27][258] Processing: App\Events\MessageSent
[2020-04-14 01:39:27][258] Processed:  App\Events\MessageSent
[2020-04-14 01:39:30][259] Processing: App\Events\MessageSent
[2020-04-14 01:39:30][259] Processed:  App\Events\MessageSent
[2020-04-14 01:39:39][260] Processing: App\Events\MessageSent
[2020-04-14 01:39:39][260] Processed:  App\Events\MessageSent
[2020-04-14 01:39:42][261] Processing: App\Events\MessageSent
[2020-04-14 01:39:42][261] Processed:  App\Events\MessageSent
[2020-04-14 01:39:48][262] Processing: App\Events\MessageSent
[2020-04-14 01:39:48][262] Processed:  App\Events\MessageSent
[2020-04-14 01:40:03][263] Processing: App\Events\MessageSent
[2020-04-14 01:40:03][263] Processed:  App\Events\MessageSent
[2020-04-14 01:43:49][264] Processing: App\Events\MessageSent
[2020-04-14 01:43:49][264] Processed:  App\Events\MessageSent
[2020-04-14 01:45:01][265] Processing: App\Events\MessageSent
[2020-04-14 01:45:01][265] Processed:  App\Events\MessageSent
[2020-04-14 10:33:01][266] Processing: App\Events\MessageSent
[2020-04-14 10:33:01][266] Processed:  App\Events\MessageSent
[2020-04-14 10:33:25][267] Processing: App\Events\MessageSent
[2020-04-14 10:33:25][267] Processed:  App\Events\MessageSent
[2020-04-14 10:35:22][268] Processing: App\Events\MessageSent
[2020-04-14 10:35:22][268] Processed:  App\Events\MessageSent
[2020-04-14 10:38:25][269] Processing: App\Events\MessageSent
[2020-04-14 10:38:25][269] Processed:  App\Events\MessageSent
[2020-04-14 10:51:13][272] Processing: App\Events\MessageSent
[2020-04-14 10:51:13][272] Processed:  App\Events\MessageSent
[2020-04-14 10:52:34][273] Processing: App\Events\MessageSent
[2020-04-14 10:52:35][273] Processed:  App\Events\MessageSent
[2020-04-14 10:55:26][275] Processing: App\Events\MessageSent
[2020-04-14 10:55:26][275] Processed:  App\Events\MessageSent
[2020-04-14 21:03:10][164] Processing: App\Jobs\ExpireStory
[2020-04-14 21:03:10][164] Processed:  App\Jobs\ExpireStory
[2020-04-15 12:17:22][276] Processing: App\Jobs\ExpireStory
[2020-04-15 12:17:22][276] Processed:  App\Jobs\ExpireStory
[2020-04-15 12:17:55][277] Processing: App\Jobs\ExpireStory
[2020-04-15 12:17:55][277] Processed:  App\Jobs\ExpireStory
[2020-04-15 12:18:25][278] Processing: App\Jobs\ExpireStory
[2020-04-15 12:18:25][278] Processed:  App\Jobs\ExpireStory
[2020-04-15 22:24:46][279] Processing: App\Jobs\ExpireStory
[2020-04-15 22:24:46][279] Processed:  App\Jobs\ExpireStory
[2020-04-16 01:51:22][280] Processing: App\Jobs\ExpireStory
[2020-04-16 01:51:22][280] Processed:  App\Jobs\ExpireStory
[2020-04-16 01:59:40][281] Processing: App\Jobs\ExpireStory
[2020-04-16 01:59:40][281] Processed:  App\Jobs\ExpireStory
[2020-04-16 02:00:49][282] Processing: App\Jobs\ExpireStory
[2020-04-16 02:00:49][282] Processed:  App\Jobs\ExpireStory
[2020-04-19 17:38:20][285] Processing: App\Jobs\ExpireAd
[2020-04-19 17:38:20][285] Processed:  App\Jobs\ExpireAd
[2020-04-19 17:53:21][286] Processing: App\Jobs\ExpireAd
[2020-04-19 17:53:21][286] Processed:  App\Jobs\ExpireAd
[2020-04-19 18:55:55][293] Processing: App\Jobs\ExpireAd
[2020-04-19 18:55:55][293] Processed:  App\Jobs\ExpireAd
[2020-04-19 18:55:55][294] Processing: App\Jobs\ExpireAd
[2020-04-19 18:55:55][294] Processed:  App\Jobs\ExpireAd
[2020-04-19 18:56:52][295] Processing: App\Jobs\ExpireAd
[2020-04-19 18:56:52][295] Processed:  App\Jobs\ExpireAd
[2020-04-19 18:56:52][296] Processing: App\Jobs\ExpireAd
[2020-04-19 18:56:52][296] Processed:  App\Jobs\ExpireAd
[2020-04-19 19:00:02][297] Processing: App\Jobs\ExpireAd
[2020-04-19 19:00:02][297] Processed:  App\Jobs\ExpireAd
[2020-04-19 19:05:02][299] Processing: App\Jobs\ExpireAd
[2020-04-19 19:05:02][299] Processed:  App\Jobs\ExpireAd
[2020-04-19 19:10:02][300] Processing: App\Jobs\ExpireAd
[2020-04-19 19:10:02][300] Processed:  App\Jobs\ExpireAd
[2020-04-19 19:15:02][301] Processing: App\Jobs\ExpireAd
[2020-04-19 19:15:02][301] Processed:  App\Jobs\ExpireAd
[2020-04-19 19:20:02][303] Processing: App\Jobs\ExpireAd
[2020-04-19 19:20:02][303] Processed:  App\Jobs\ExpireAd
[2020-04-19 19:25:02][304] Processing: App\Jobs\ExpireAd
[2020-04-19 19:25:02][304] Processed:  App\Jobs\ExpireAd
[2020-04-19 19:35:00][305] Processing: App\Jobs\ExpireAd
[2020-04-19 19:35:00][305] Processed:  App\Jobs\ExpireAd
[2020-04-19 19:40:00][307] Processing: App\Jobs\ExpireAd
[2020-04-19 19:40:00][307] Processed:  App\Jobs\ExpireAd
[2020-04-19 19:45:00][309] Processing: App\Jobs\AdStatus
[2020-04-19 19:45:00][309] Processed:  App\Jobs\AdStatus
[2020-04-19 19:50:00][310] Processing: App\Jobs\AdStatus
[2020-04-19 19:50:00][310] Processed:  App\Jobs\AdStatus
[2020-04-19 19:50:00][311] Processing: App\Jobs\AdStatus
[2020-04-19 19:50:00][311] Processed:  App\Jobs\AdStatus
[2020-04-19 19:50:00][313] Processing: App\Jobs\AdStatus
[2020-04-19 19:50:00][313] Processed:  App\Jobs\AdStatus
[2020-04-19 19:55:00][312] Processing: App\Jobs\AdStatus
[2020-04-19 19:55:00][312] Processed:  App\Jobs\AdStatus
[2020-04-20 13:31:19][283] Processing: App\Jobs\ExpireStory
[2020-04-20 13:31:19][283] Processed:  App\Jobs\ExpireStory
[2020-04-20 13:40:19][284] Processing: App\Jobs\ExpireStory
[2020-04-20 13:40:19][284] Processed:  App\Jobs\ExpireStory
[2020-04-21 19:30:02][315] Processing: App\Jobs\AdStatus
[2020-04-21 19:30:02][315] Processed:  App\Jobs\AdStatus
[2020-04-22 13:38:55][322] Processing: App\Jobs\ExpireStory
[2020-04-22 13:38:55][322] Processed:  App\Jobs\ExpireStory
[2020-04-24 01:35:01][323] Processing: App\Jobs\AdStatus
[2020-04-24 01:35:01][323] Processed:  App\Jobs\AdStatus
[2020-04-24 01:35:01][324] Processing: App\Jobs\AdStatus
[2020-04-24 01:35:01][324] Processed:  App\Jobs\AdStatus
[2020-04-24 01:35:01][325] Processing: App\Jobs\AdStatus
[2020-04-24 01:35:01][325] Processed:  App\Jobs\AdStatus
[2020-04-24 01:35:01][331] Processing: App\Jobs\AdStatus
[2020-04-24 01:35:01][331] Processed:  App\Jobs\AdStatus
[2020-04-24 11:40:01][330] Processing: App\Jobs\ExpireStory
[2020-04-24 11:40:01][330] Processed:  App\Jobs\ExpireStory
[2020-04-25 03:45:00][317] Processing: App\Jobs\AdStatus
[2020-04-25 03:45:00][317] Processed:  App\Jobs\AdStatus
[2020-04-25 03:45:00][326] Processing: App\Jobs\AdStatus
[2020-04-25 03:45:00][326] Processed:  App\Jobs\AdStatus
[2020-04-25 03:45:00][329] Processing: App\Jobs\AdStatus
[2020-04-25 03:45:00][329] Processed:  App\Jobs\AdStatus
[2020-04-25 03:45:00][335] Processing: App\Jobs\AdStatus
[2020-04-25 03:45:00][335] Processed:  App\Jobs\AdStatus
[2020-04-25 14:05:00][318] Processing: App\Jobs\AdStatus
[2020-04-25 14:05:00][318] Processed:  App\Jobs\AdStatus
[2020-04-25 14:05:00][328] Processing: App\Jobs\AdStatus
[2020-04-25 14:05:00][328] Processed:  App\Jobs\AdStatus
[2020-04-25 14:05:00][333] Processing: App\Jobs\AdStatus
[2020-04-25 14:05:00][333] Processed:  App\Jobs\AdStatus
[2020-04-25 14:05:00][336] Processing: App\Jobs\AdStatus
[2020-04-25 14:05:00][336] Processed:  App\Jobs\AdStatus
[2020-04-25 16:25:01][319] Processing: App\Jobs\AdStatus
[2020-04-25 16:25:01][319] Processed:  App\Jobs\AdStatus
[2020-04-25 16:25:01][327] Processing: App\Jobs\AdStatus
[2020-04-25 16:25:01][327] Processed:  App\Jobs\AdStatus
[2020-04-25 16:25:01][332] Processing: App\Jobs\AdStatus
[2020-04-25 16:25:01][332] Processed:  App\Jobs\AdStatus
[2020-04-25 16:25:01][334] Processing: App\Jobs\AdStatus
[2020-04-25 16:25:01][334] Processed:  App\Jobs\AdStatus
[2020-04-25 19:30:00][316] Processing: App\Jobs\AdStatus
[2020-04-25 19:30:00][316] Processed:  App\Jobs\AdStatus
[2020-04-25 19:30:00][320] Processing: App\Jobs\AdStatus
[2020-04-25 19:30:00][320] Processed:  App\Jobs\AdStatus
[2020-04-25 19:30:00][321] Processing: App\Jobs\AdStatus
[2020-04-25 19:30:00][321] Processed:  App\Jobs\AdStatus
[2020-05-02 15:50:02][337] Processing: App\Jobs\AdStatus
[2020-05-02 15:50:02][337] Processed:  App\Jobs\AdStatus
[2020-05-02 15:55:02][338] Processing: App\Jobs\AdStatus
[2020-05-02 15:55:02][338] Processed:  App\Jobs\AdStatus
[2020-05-04 02:36:47][339] Processing: App\Jobs\ExpireStory
[2020-05-04 02:36:47][339] Processed:  App\Jobs\ExpireStory
[2020-05-04 02:37:14][340] Processing: App\Jobs\ExpireStory
[2020-05-04 02:37:14][340] Processed:  App\Jobs\ExpireStory
[2020-05-04 02:38:17][341] Processing: App\Jobs\ExpireStory
[2020-05-04 02:38:17][341] Processed:  App\Jobs\ExpireStory
[2020-05-04 02:39:41][342] Processing: App\Jobs\ExpireStory
[2020-05-04 02:39:41][342] Processed:  App\Jobs\ExpireStory
